<?xml version="1.0" encoding="UTF-8"?>
<robot generator="Robot 6.1.1 (Python 3.12.0 on win32)" generated="20231018 00:00:40.293" rpa="false" schemaversion="4">
<suite id="s1" name="ShadowRoot" source="C:\Users\carvajoa\PycharmProjects\python_robot\Tests\ShadowRoot.robot">
<test id="s1-t1" name="Devera encontrar casas" line="7">
<kw name="Open Page" library="ShadowDOM">
<kw name="Open Browser" library="SeleniumLibrary">
<arg>http://www.uitestingplayground.com/shadowdom</arg>
<arg>${BROWSER}</arg>
<doc>Opens a new browser instance to the optional ``url``.</doc>
<msg timestamp="20231018 00:00:41.026" level="INFO">Opening browser 'chrome' to base url 'http://www.uitestingplayground.com/shadowdom'.</msg>
<status status="PASS" starttime="20231018 00:00:41.023" endtime="20231018 00:00:43.796"/>
</kw>
<status status="PASS" starttime="20231018 00:00:41.022" endtime="20231018 00:00:43.797"/>
</kw>
<kw name="Generate UID" library="ShadowDOM">
<kw name="Click Element" library="SeleniumLibrary">
<arg>${GUID_GENERATE}</arg>
<doc>Click the element identified by ``locator``.</doc>
<msg timestamp="20231018 00:00:43.805" level="INFO">Clicking element 'dom=document.querySelector('guid-generator').shadowRoot.querySelector('#buttonGenerate')'.</msg>
<status status="PASS" starttime="20231018 00:00:43.801" endtime="20231018 00:00:43.874"/>
</kw>
<status status="PASS" starttime="20231018 00:00:43.798" endtime="20231018 00:00:43.875"/>
</kw>
<kw name="Read UID" library="ShadowDOM">
<kw name="Get Text" library="SeleniumLibrary">
<var>${Text}</var>
<arg>${GUID_GENERATE}</arg>
<doc>Returns the text value of the element identified by ``locator``.</doc>
<msg timestamp="20231018 00:03:37.383" level="INFO">${Text} = </msg>
<status status="PASS" starttime="20231018 00:00:51.990" endtime="20231018 00:03:37.383"/>
</kw>
<kw name="Log" library="BuiltIn">
<arg>"Text: "${Text}</arg>
<doc>Logs the given message with the given level.</doc>
<msg timestamp="20231018 00:03:37.385" level="INFO">"Text: "</msg>
<status status="PASS" starttime="20231018 00:03:37.384" endtime="20231018 00:03:37.385"/>
</kw>
<status status="PASS" starttime="20231018 00:00:43.876" endtime="20231018 00:03:37.386"/>
</kw>
<kw name="Close All Browsers" library="SeleniumLibrary">
<doc>Closes all open browsers and resets the browser cache.</doc>
<status status="PASS" starttime="20231018 00:03:37.387" endtime="20231018 00:03:43.693"/>
</kw>
<doc>Verificar cenas</doc>
<status status="PASS" starttime="20231018 00:00:41.018" endtime="20231018 00:03:43.695"/>
</test>
<doc>Imports</doc>
<status status="PASS" starttime="20231018 00:00:40.301" endtime="20231018 00:03:43.700"/>
</suite>
<statistics>
<total>
<stat pass="1" fail="0" skip="0">All Tests</stat>
</total>
<tag>
</tag>
<suite>
<stat pass="1" fail="0" skip="0" id="s1" name="ShadowRoot">ShadowRoot</stat>
</suite>
</statistics>
<errors>
</errors>
</robot>
