<?xml version="1.0" encoding="UTF-8"?>
<robot generator="Robot 6.1.1 (Python 3.12.0 on win32)" generated="20231017 17:31:32.099" rpa="false" schemaversion="4">
<suite id="s1" name="POC" source="C:\Users\carvajoa\PycharmProjects\python_robot\Tests\POC.robot">
<test id="s1-t1" name="Devera encontrar casas" line="9">
<kw name="Open Browser" library="SeleniumLibrary">
<arg>https://www.idealista.pt/</arg>
<arg>${BROWSER}</arg>
<doc>Opens a new browser instance to the optional ``url``.</doc>
<msg timestamp="20231017 17:31:32.368" level="INFO">Opening browser 'edge' to base url 'https://www.idealista.pt/'.</msg>
<status status="PASS" starttime="20231017 17:31:32.367" endtime="20231017 17:31:35.933"/>
</kw>
<kw name="Log" library="BuiltIn">
<arg>Starting Test Case</arg>
<doc>Logs the given message with the given level.</doc>
<msg timestamp="20231017 17:31:35.934" level="INFO">Starting Test Case</msg>
<status status="PASS" starttime="20231017 17:31:35.934" endtime="20231017 17:31:35.934"/>
</kw>
<kw name="Sleep" library="BuiltIn">
<arg>10s</arg>
<doc>Pauses the test executed for the given time.</doc>
<msg timestamp="20231017 17:31:45.935" level="INFO">Slept 10 seconds</msg>
<status status="PASS" starttime="20231017 17:31:35.935" endtime="20231017 17:31:45.935"/>
</kw>
<kw name="Close All Browsers" library="SeleniumLibrary">
<doc>Closes all open browsers and resets the browser cache.</doc>
<status status="PASS" starttime="20231017 17:31:45.935" endtime="20231017 17:31:52.263"/>
</kw>
<doc>Verificar cenas</doc>
<status status="PASS" starttime="20231017 17:31:32.367" endtime="20231017 17:31:52.264"/>
</test>
<doc>Imports</doc>
<status status="PASS" starttime="20231017 17:31:32.100" endtime="20231017 17:31:52.264"/>
</suite>
<statistics>
<total>
<stat pass="1" fail="0" skip="0">All Tests</stat>
</total>
<tag>
</tag>
<suite>
<stat pass="1" fail="0" skip="0" id="s1" name="POC">POC</stat>
</suite>
</statistics>
<errors>
</errors>
</robot>
