<?xml version="1.0" encoding="UTF-8"?>
<robot generator="Robot 6.1.1 (Python 3.12.0 on win32)" generated="20231018 23:58:42.580" rpa="false" schemaversion="4">
<suite id="s1" name="PlaygroundTextInputGUI" source="C:\Users\carvajoa\PycharmProjects\python_robot\Tests\PlaygroundTextInputGUI.robot">
<test id="s1-t1" name="Text Input" line="11">
<kw name="Begin Web Test" library="Common" type="SETUP">
<kw name="Open Browser" library="SeleniumLibrary">
<arg>about:blank</arg>
<arg>${BROWSER}</arg>
<doc>Opens a new browser instance to the optional ``url``.</doc>
<msg timestamp="20231018 23:58:43.266" level="INFO">Opening browser 'chrome' to base url 'about:blank'.</msg>
<status status="PASS" starttime="20231018 23:58:43.265" endtime="20231018 23:58:46.066"/>
</kw>
<status status="PASS" starttime="20231018 23:58:43.264" endtime="20231018 23:58:46.067"/>
</kw>
<kw name="Open Text Input Page" library="TextInput">
<kw name="Go To" library="SeleniumLibrary">
<arg>http://www.uitestingplayground.com/textinput</arg>
<doc>Navigates the current browser window to the provided ``url``.</doc>
<msg timestamp="20231018 23:58:46.069" level="INFO">Opening url 'http://www.uitestingplayground.com/textinput'</msg>
<status status="PASS" starttime="20231018 23:58:46.069" endtime="20231018 23:58:47.193"/>
</kw>
<status status="PASS" starttime="20231018 23:58:46.068" endtime="20231018 23:58:47.194"/>
</kw>
<kw name="Set New Button Name" library="TextInput">
<arg>Name</arg>
<kw name="Input Text" library="SeleniumLibrary">
<arg>${TEXT_INPUT_BUTTON_NAME_INPUT}</arg>
<arg>${BUTTON_NAME}</arg>
<doc>Types the given ``text`` into the text field identified by ``locator``.</doc>
<msg timestamp="20231018 23:58:47.197" level="INFO">Typing text 'Name' into text field 'css=#newButtonName'.</msg>
<status status="PASS" starttime="20231018 23:58:47.195" endtime="20231018 23:58:47.423"/>
</kw>
<kw name="Click Element" library="SeleniumLibrary">
<arg>${TEXT_INPUT_BUTTON_NAME_TEXT}</arg>
<doc>Click the element identified by ``locator``.</doc>
<msg timestamp="20231018 23:58:47.424" level="INFO">Clicking element 'css=#updatingButton'.</msg>
<status status="PASS" starttime="20231018 23:58:47.423" endtime="20231018 23:58:47.524"/>
</kw>
<status status="PASS" starttime="20231018 23:58:47.194" endtime="20231018 23:58:47.525"/>
</kw>
<kw name="Validate Button Name" library="TextInput">
<arg>Name</arg>
<kw name="Element Text Should Be" library="SeleniumLibrary">
<arg>${TEXT_INPUT_BUTTON_NAME_TEXT}</arg>
<arg>${EXPECTED_BUTTON_NAME}</arg>
<doc>Verifies that element ``locator`` contains exact the text ``expected``.</doc>
<msg timestamp="20231018 23:58:47.526" level="WARN">Keyword 'Element Text Should Be' found both from a custom library 'SeleniumLibrary' and a standard library 'XML'. The custom keyword is used. To select explicitly, and to get rid of this warning, use either 'SeleniumLibrary.Element Text Should Be' or 'XML.Element Text Should Be'.</msg>
<msg timestamp="20231018 23:58:47.528" level="INFO">Verifying element 'css=#updatingButton' contains exact text 'Name'.</msg>
<status status="PASS" starttime="20231018 23:58:47.526" endtime="20231018 23:58:47.568"/>
</kw>
<status status="PASS" starttime="20231018 23:58:47.525" endtime="20231018 23:58:47.569"/>
</kw>
<kw name="End Web Test" library="Common" type="TEARDOWN">
<kw name="Close All Browsers" library="SeleniumLibrary">
<doc>Closes all open browsers and resets the browser cache.</doc>
<status status="PASS" starttime="20231018 23:58:47.570" endtime="20231018 23:58:53.954"/>
</kw>
<status status="PASS" starttime="20231018 23:58:47.569" endtime="20231018 23:58:53.954"/>
</kw>
<status status="PASS" starttime="20231018 23:58:43.263" endtime="20231018 23:58:53.955"/>
</test>
<doc>Imports</doc>
<status status="PASS" starttime="20231018 23:58:42.586" endtime="20231018 23:58:53.956"/>
</suite>
<statistics>
<total>
<stat pass="1" fail="0" skip="0">All Tests</stat>
</total>
<tag>
</tag>
<suite>
<stat pass="1" fail="0" skip="0" id="s1" name="PlaygroundTextInputGUI">PlaygroundTextInputGUI</stat>
</suite>
</statistics>
<errors>
<msg timestamp="20231018 23:58:47.526" level="WARN">Keyword 'Element Text Should Be' found both from a custom library 'SeleniumLibrary' and a standard library 'XML'. The custom keyword is used. To select explicitly, and to get rid of this warning, use either 'SeleniumLibrary.Element Text Should Be' or 'XML.Element Text Should Be'.</msg>
</errors>
</robot>
