<?xml version="1.0" encoding="UTF-8"?>
<robot generator="Robot 6.1.1 (Python 3.12.0 on win32)" generated="20231018 00:58:05.105" rpa="false" schemaversion="4">
<suite id="s1" name="Playgound" source="C:\Users\carvajoa\PycharmProjects\python_robot\Tests\Playgound.robot">
<test id="s1-t1" name="Shadow DOM" line="12">
<kw name="Begin Web Test" library="Common" type="SETUP">
<kw name="Open Browser" library="SeleniumLibrary">
<arg>about:blank</arg>
<arg>${BROWSER}</arg>
<doc>Opens a new browser instance to the optional ``url``.</doc>
<msg timestamp="20231018 00:58:05.370" level="INFO">Opening browser 'chrome' to base url 'about:blank'.</msg>
<status status="PASS" starttime="20231018 00:58:05.369" endtime="20231018 00:58:07.058"/>
</kw>
<status status="PASS" starttime="20231018 00:58:05.369" endtime="20231018 00:58:07.058"/>
</kw>
<kw name="Open Page" library="ShadowDOM">
<kw name="Go To" library="SeleniumLibrary">
<arg>http://www.uitestingplayground.com/shadowdom</arg>
<doc>Navigates the current browser window to the provided ``url``.</doc>
<msg timestamp="20231018 00:58:07.059" level="INFO">Opening url 'http://www.uitestingplayground.com/shadowdom'</msg>
<status status="PASS" starttime="20231018 00:58:07.059" endtime="20231018 00:58:08.060"/>
</kw>
<status status="PASS" starttime="20231018 00:58:07.059" endtime="20231018 00:58:08.061"/>
</kw>
<kw name="Generate UID" library="ShadowDOM">
<kw name="Click Element" library="SeleniumLibrary">
<arg>${GUID_GENERATE}</arg>
<doc>Click the element identified by ``locator``.</doc>
<msg timestamp="20231018 00:58:08.062" level="INFO">Clicking element 'dom=document.querySelector('guid-generator').shadowRoot.querySelector('#buttonGenerate')'.</msg>
<status status="PASS" starttime="20231018 00:58:08.061" endtime="20231018 00:58:08.102"/>
</kw>
<status status="PASS" starttime="20231018 00:58:08.061" endtime="20231018 00:58:08.102"/>
</kw>
<kw name="Read UID" library="ShadowDOM">
<kw name="Get Text" library="SeleniumLibrary">
<var>${Text}</var>
<arg>${GUID_GENERATE}</arg>
<doc>Returns the text value of the element identified by ``locator``.</doc>
<msg timestamp="20231018 00:58:08.125" level="INFO">${Text} = </msg>
<status status="PASS" starttime="20231018 00:58:08.103" endtime="20231018 00:58:08.125"/>
</kw>
<kw name="Log" library="BuiltIn">
<arg>"Text: "${Text}</arg>
<doc>Logs the given message with the given level.</doc>
<msg timestamp="20231018 00:58:08.125" level="INFO">"Text: "</msg>
<status status="PASS" starttime="20231018 00:58:08.125" endtime="20231018 00:58:08.125"/>
</kw>
<status status="PASS" starttime="20231018 00:58:08.103" endtime="20231018 00:58:08.125"/>
</kw>
<kw name="End Web Test" library="Common" type="TEARDOWN">
<kw name="Close All Browsers" library="SeleniumLibrary">
<doc>Closes all open browsers and resets the browser cache.</doc>
<status status="PASS" starttime="20231018 00:58:08.126" endtime="20231018 00:58:14.351"/>
</kw>
<status status="PASS" starttime="20231018 00:58:08.126" endtime="20231018 00:58:14.351"/>
</kw>
<doc>Verificar Shadow Dom interections</doc>
<status status="PASS" starttime="20231018 00:58:05.369" endtime="20231018 00:58:14.352"/>
</test>
<test id="s1-t2" name="AJAX Data Test" line="18">
<kw name="Begin Web Test" library="Common" type="SETUP">
<kw name="Open Browser" library="SeleniumLibrary">
<arg>about:blank</arg>
<arg>${BROWSER}</arg>
<doc>Opens a new browser instance to the optional ``url``.</doc>
<msg timestamp="20231018 00:58:14.354" level="INFO">Opening browser 'chrome' to base url 'about:blank'.</msg>
<status status="PASS" starttime="20231018 00:58:14.353" endtime="20231018 00:58:15.924"/>
</kw>
<status status="PASS" starttime="20231018 00:58:14.353" endtime="20231018 00:58:15.924"/>
</kw>
<kw name="Open Ajax Data Page" library="AJAXData">
<kw name="Go To" library="SeleniumLibrary">
<arg>http://www.uitestingplayground.com/ajax</arg>
<doc>Navigates the current browser window to the provided ``url``.</doc>
<msg timestamp="20231018 00:58:15.926" level="INFO">Opening url 'http://www.uitestingplayground.com/ajax'</msg>
<status status="PASS" starttime="20231018 00:58:15.924" endtime="20231018 00:58:16.658"/>
</kw>
<status status="PASS" starttime="20231018 00:58:15.924" endtime="20231018 00:58:16.658"/>
</kw>
<kw name="Trigger AJAX Request" library="AJAXData">
<kw name="Click Element" library="SeleniumLibrary">
<arg>${AJAX_BUTTON}</arg>
<doc>Click the element identified by ``locator``.</doc>
<msg timestamp="20231018 00:58:16.659" level="INFO">Clicking element 'id:ajaxButton'.</msg>
<status status="PASS" starttime="20231018 00:58:16.659" endtime="20231018 00:58:16.722"/>
</kw>
<kw name="Wait Until Page Contains Element" library="SeleniumLibrary">
<arg>${LIST_AJAX_REQUESTS}</arg>
<arg>20s</arg>
<doc>Waits until the element ``locator`` appears on the current page.</doc>
<status status="PASS" starttime="20231018 00:58:16.722" endtime="20231018 00:58:32.129"/>
</kw>
<status status="PASS" starttime="20231018 00:58:16.659" endtime="20231018 00:58:32.129"/>
</kw>
<kw name="End Web Test" library="Common" type="TEARDOWN">
<kw name="Close All Browsers" library="SeleniumLibrary">
<doc>Closes all open browsers and resets the browser cache.</doc>
<status status="PASS" starttime="20231018 00:58:32.130" endtime="20231018 00:58:38.371"/>
</kw>
<status status="PASS" starttime="20231018 00:58:32.130" endtime="20231018 00:58:38.371"/>
</kw>
<doc>Verify AJAX Requests</doc>
<status status="PASS" starttime="20231018 00:58:14.352" endtime="20231018 00:58:38.372"/>
</test>
<test id="s1-t3" name="Verify Text Test" line="23">
<kw name="Begin Web Test" library="Common" type="SETUP">
<kw name="Open Browser" library="SeleniumLibrary">
<arg>about:blank</arg>
<arg>${BROWSER}</arg>
<doc>Opens a new browser instance to the optional ``url``.</doc>
<msg timestamp="20231018 00:58:38.373" level="INFO">Opening browser 'chrome' to base url 'about:blank'.</msg>
<status status="PASS" starttime="20231018 00:58:38.373" endtime="20231018 00:58:39.961"/>
</kw>
<status status="PASS" starttime="20231018 00:58:38.373" endtime="20231018 00:58:39.961"/>
</kw>
<kw name="Open Verify Text Page" library="VerifyText">
<kw name="Go To" library="SeleniumLibrary">
<arg>http://www.uitestingplayground.com/verifytext</arg>
<doc>Navigates the current browser window to the provided ``url``.</doc>
<msg timestamp="20231018 00:58:39.962" level="INFO">Opening url 'http://www.uitestingplayground.com/verifytext'</msg>
<status status="PASS" starttime="20231018 00:58:39.962" endtime="20231018 00:58:40.676"/>
</kw>
<kw name="Title Should Be" library="SeleniumLibrary">
<arg>Verify Text</arg>
<doc>Verifies that the current page title equals ``title``.</doc>
<msg timestamp="20231018 00:58:40.683" level="INFO">Page title is 'Verify Text'.</msg>
<status status="PASS" starttime="20231018 00:58:40.676" endtime="20231018 00:58:40.683"/>
</kw>
<status status="PASS" starttime="20231018 00:58:39.962" endtime="20231018 00:58:40.683"/>
</kw>
<kw name="Read Welcome Text" library="VerifyText">
<var>${WelcomeText}</var>
<msg timestamp="20231018 00:58:40.684" level="INFO">${WelcomeText} = ['Get Text', 'css=.bg-primary .badge-secondary']</msg>
<status status="PASS" starttime="20231018 00:58:40.684" endtime="20231018 00:58:40.684"/>
</kw>
<kw name="Log" library="BuiltIn">
<arg>"Welcome Text:" ${WelcomeText}</arg>
<doc>Logs the given message with the given level.</doc>
<msg timestamp="20231018 00:58:40.685" level="INFO">"Welcome Text:" ['Get Text', 'css=.bg-primary .badge-secondary']</msg>
<status status="PASS" starttime="20231018 00:58:40.685" endtime="20231018 00:58:40.685"/>
</kw>
<kw name="End Web Test" library="Common" type="TEARDOWN">
<kw name="Close All Browsers" library="SeleniumLibrary">
<doc>Closes all open browsers and resets the browser cache.</doc>
<status status="PASS" starttime="20231018 00:58:40.686" endtime="20231018 00:58:46.955"/>
</kw>
<status status="PASS" starttime="20231018 00:58:40.685" endtime="20231018 00:58:46.955"/>
</kw>
<status status="PASS" starttime="20231018 00:58:38.372" endtime="20231018 00:58:46.955"/>
</test>
<doc>Imports</doc>
<status status="PASS" starttime="20231018 00:58:05.106" endtime="20231018 00:58:46.956"/>
</suite>
<statistics>
<total>
<stat pass="3" fail="0" skip="0">All Tests</stat>
</total>
<tag>
</tag>
<suite>
<stat pass="3" fail="0" skip="0" id="s1" name="Playgound">Playgound</stat>
</suite>
</statistics>
<errors>
</errors>
</robot>
