<?xml version="1.0" encoding="UTF-8"?>
<robot generator="Robot 6.1.1 (Python 3.12.0 on win32)" generated="20231017 18:37:51.418" rpa="false" schemaversion="4">
<suite id="s1" name="ShadowRoot" source="C:\Users\carvajoa\PycharmProjects\python_robot\Tests\ShadowRoot.robot">
<test id="s1-t1" name="Devera encontrar casas" line="9">
<kw name="Open Browser" library="SeleniumLibrary">
<arg>http://www.uitestingplayground.com/shadowdom</arg>
<arg>${BROWSER}</arg>
<doc>Opens a new browser instance to the optional ``url``.</doc>
<msg timestamp="20231017 18:37:51.728" level="INFO">Opening browser 'chrome' to base url 'http://www.uitestingplayground.com/shadowdom'.</msg>
<status status="PASS" starttime="20231017 18:37:51.728" endtime="20231017 18:37:54.693"/>
</kw>
<kw name="Click Element" library="SeleniumLibrary">
<arg>dom=document.querySelector('guid-generator').shadowRoot.querySelector('#buttonGenerate')</arg>
<doc>Click the element identified by ``locator``.</doc>
<msg timestamp="20231017 18:37:54.694" level="INFO">Clicking element 'dom=document.querySelector('guid-generator').shadowRoot.querySelector('#buttonGenerate')'.</msg>
<status status="PASS" starttime="20231017 18:37:54.693" endtime="20231017 18:37:54.741"/>
</kw>
<kw name="Sleep" library="BuiltIn">
<arg>3s</arg>
<doc>Pauses the test executed for the given time.</doc>
<msg timestamp="20231017 18:37:57.743" level="INFO">Slept 3 seconds</msg>
<status status="PASS" starttime="20231017 18:37:54.742" endtime="20231017 18:37:57.743"/>
</kw>
<kw name="Clear Element Text" library="SeleniumLibrary">
<arg>dom=document.querySelector('guid-generator').shadowRoot.querySelector('#editField')</arg>
<doc>Clears the value of the text-input-element identified by ``locator``.</doc>
<status status="PASS" starttime="20231017 18:37:57.743" endtime="20231017 18:37:57.777"/>
</kw>
<kw name="Click Element" library="SeleniumLibrary">
<arg>dom=document.querySelector('guid-generator').shadowRoot.querySelector('#buttonCopy')</arg>
<doc>Click the element identified by ``locator``.</doc>
<msg timestamp="20231017 18:37:57.778" level="INFO">Clicking element 'dom=document.querySelector('guid-generator').shadowRoot.querySelector('#buttonCopy')'.</msg>
<status status="PASS" starttime="20231017 18:37:57.777" endtime="20231017 18:37:57.811"/>
</kw>
<kw name="Press Keys" library="SeleniumLibrary">
<arg>dom=document.querySelector('guid-generator').shadowRoot.querySelector('#editField')</arg>
<arg>CTRL+v</arg>
<doc>Simulates the user pressing key(s) to an element or on the active browser.</doc>
<msg timestamp="20231017 18:37:57.812" level="INFO">Sending key(s) ('CTRL+v',) to dom=document.querySelector('guid-generator').shadowRoot.querySelector('#editField') element.</msg>
<msg timestamp="20231017 18:37:58.096" level="INFO">Pressing special key CONTROL down.</msg>
<msg timestamp="20231017 18:37:58.096" level="INFO">Sending key v</msg>
<msg timestamp="20231017 18:37:58.097" level="INFO">Releasing special key CONTROL.</msg>
<status status="PASS" starttime="20231017 18:37:57.811" endtime="20231017 18:37:58.109"/>
</kw>
<kw name="Sleep" library="BuiltIn">
<arg>30s</arg>
<doc>Pauses the test executed for the given time.</doc>
<msg timestamp="20231017 18:38:28.111" level="INFO">Slept 30 seconds</msg>
<status status="PASS" starttime="20231017 18:37:58.110" endtime="20231017 18:38:28.111"/>
</kw>
<kw name="Close All Browsers" library="SeleniumLibrary">
<doc>Closes all open browsers and resets the browser cache.</doc>
<status status="PASS" starttime="20231017 18:38:28.111" endtime="20231017 18:38:34.427"/>
</kw>
<doc>Verificar cenas</doc>
<status status="PASS" starttime="20231017 18:37:51.727" endtime="20231017 18:38:34.428"/>
</test>
<doc>Imports</doc>
<status status="PASS" starttime="20231017 18:37:51.420" endtime="20231017 18:38:34.428"/>
</suite>
<statistics>
<total>
<stat pass="1" fail="0" skip="0">All Tests</stat>
</total>
<tag>
</tag>
<suite>
<stat pass="1" fail="0" skip="0" id="s1" name="ShadowRoot">ShadowRoot</stat>
</suite>
</statistics>
<errors>
</errors>
</robot>
